<?xml version="1.0" encoding="UTF-8"?>
<!-- Generated by org.testng.reporters.JUnitXMLReporter -->
<testsuite ignored="0" hostname="SHASHANK" failures="1" tests="5" name="Test" time="0.056" errors="0" timestamp="2022-09-03T13:12:20 IST">
  <testcase classname="com.crm.test1.test2" name="createcontact" time="0.007">
    <failure type="java.lang.ArrayIndexOutOfBoundsException" message="Index 5 out of bounds for length 3">
      <![CDATA[java.lang.ArrayIndexOutOfBoundsException: Index 5 out of bounds for length 3
at com.crm.test1.test2.createcontact(test2.java:12)
at java.base/java.util.ArrayList.forEach(ArrayList.java:1511)
... Removed 27 stack frames]]>
    </failure>
  </testcase> <!-- createcontact -->
  <testcase classname="com.crm.test1.test2" name="modifycontact" time="0.0">
    <skipped/>
  </testcase> <!-- modifycontact -->
  <testcase classname="com.crm.test1.test2" name="deletecontact" time="0.0">
    <skipped/>
  </testcase> <!-- deletecontact -->
  <testcase classname="com.crm.test1.test1" name="createcontct" time="0.001"/>
  <testcase classname="com.crm.test1.test1" name="modifycontct" time="0.002"/>
</testsuite> <!-- Test -->
